failed: /home/box/.moon/bin/moonc build-package -error-format json /home/box/source/moonbit/mooner/codegen.mbt /home/box/source/moonbit/mooner/compiler.mbt /home/box/source/moonbit/mooner/lexer.mbt /home/box/source/moonbit/mooner/parser.mbt /home/box/source/moonbit/mooner/type_checker.mbt -o /home/box/source/moonbit/mooner/_build/wasm-gc/debug/build/mooner.core -pkg username/mooner -std-path /home/box/.moon/lib/core/_build/wasm-gc/release/bundle -i /home/box/source/moonbit/mooner/_build/wasm-gc/debug/build/.mooncakes/moonbitlang/x/fs/fs.mi:fs -i /home/box/.moon/lib/core/_build/wasm-gc/release/bundle/prelude/prelude.mi:prelude -pkg-sources username/mooner:/home/box/source/moonbit/mooner -target wasm-gc -g -O0 -source-map -workspace-path /home/box/source/moonbit/mooner -all-pkgs /home/box/source/moonbit/mooner/_build/wasm-gc/debug/build/all_pkgs.json
Error: [4139]
      ╭─[ /home/box/source/moonbit/mooner/codegen.mbt:1474:9 ]
      │
 1474 │         g.emit_byte(sib(0, 4, 4))
      │         ────────────┬────────────  
      │                     ╰────────────── This expression has type CodeGen, its value cannot be implicitly ignored (hint: use `ignore(...)` or `let _ = ...` to explicitly ignore it).
──────╯
Error: [4139]
      ╭─[ /home/box/source/moonbit/mooner/codegen.mbt:1476:9 ]
      │
 1476 │         g.emit_byte(modrm(0, src_code, base_code))
      │         ─────────────────────┬────────────────────  
      │                              ╰────────────────────── This expression has type CodeGen, its value cannot be implicitly ignored (hint: use `ignore(...)` or `let _ = ...` to explicitly ignore it).
──────╯
Error: [4014]
      ╭─[ /home/box/source/moonbit/mooner/codegen.mbt:1478:5 ]
      │
 1478 │     Addsd(Xmm(dest), Xmm(src)) => {
      │     ──┬──  
      │       ╰──── Constr Type Mismatch(constructor Addsd)
        has type : X86Inst
        wanted   : CodeGen
──────╯
Error: [4021]
      ╭─[ /home/box/source/moonbit/mooner/codegen.mbt:1478:15 ]
      │
 1478 │     Addsd(Xmm(dest), Xmm(src)) => {
      │               ──┬─  
      │                 ╰─── The value identifier dest is unbound.
──────╯
Error: [3002]
      ╭─[ /home/box/source/moonbit/mooner/codegen.mbt:1478:32 ]
      │
 1478 │     Addsd(Xmm(dest), Xmm(src)) => {
      │                                ─┬  
      │                                 ╰── Parse error, unexpected token `=>`, you may expect `;` or `}`.
──────╯
Error: [4074]
      ╭─[ /home/box/source/moonbit/mooner/codegen.mbt:1479:11 ]
      │
 1479 │       let g = self.emit_bytes([0xF2, 0x0F, 0x58])
      │           ┬  
      │           ╰── Cannot infer the type of variable g, please add more type annotation.
──────╯
Error: [4021]
      ╭─[ /home/box/source/moonbit/mooner/codegen.mbt:1479:15 ]
      │
 1479 │       let g = self.emit_bytes([0xF2, 0x0F, 0x58])
      │               ──┬─  
      │                 ╰─── The value identifier self is unbound.
──────╯
Error: [4074]
      ╭─[ /home/box/source/moonbit/mooner/codegen.mbt:1480:11 ]
      │
 1480 │       let dest_code = xmm_reg_code(dest)
      │           ────┬────  
      │               ╰────── Cannot infer the type of variable dest_code, please add more type annotation.
──────╯
Error: [4021]
      ╭─[ /home/box/source/moonbit/mooner/codegen.mbt:1480:36 ]
      │
 1480 │       let dest_code = xmm_reg_code(dest)
      │                                    ──┬─  
      │                                      ╰─── The value identifier dest is unbound.
──────╯
Error: [4074]
      ╭─[ /home/box/source/moonbit/mooner/codegen.mbt:1481:11 ]
      │
 1481 │       let src_code = xmm_reg_code(src)
      │           ────┬───  
      │               ╰───── Cannot infer the type of variable src_code, please add more type annotation.
──────╯
Error: [4021]
      ╭─[ /home/box/source/moonbit/mooner/codegen.mbt:1481:35 ]
      │
 1481 │       let src_code = xmm_reg_code(src)
      │                                   ─┬─  
      │                                    ╰─── The value identifier src is unbound.
──────╯
Error: [3002]
      ╭─[ /home/box/source/moonbit/mooner/codegen.mbt:1482:7 ]
      │
 1482 │       g.emit_byte(modrm(3, dest_code, src_code))
      │       ┬  
      │       ╰── Parse error, unexpected token id (lowercase start), you may expect `pub`, `priv`, `type`, `suberror`, `typealias`, `async`, `fn`, `fnalias`, `struct`, `enum`, `let`, `const`, `extern`, `test`, `impl`, `trait`, `traitalias`, `enumview`, `#attribute` or `using`.
──────╯
Error: [4074]
      ╭─[ /home/box/source/moonbit/mooner/codegen.mbt:1485:11 ]
      │
 1485 │       let g = self.emit_bytes([0xF2, 0x0F, 0x5C])
      │           ┬  
      │           ╰── Cannot infer the type of variable g, please add more type annotation.
──────╯
Error: [4051]
      ╭─[ /home/box/source/moonbit/mooner/codegen.mbt:1485:11 ]
      │
 1485 │       let g = self.emit_bytes([0xF2, 0x0F, 0x5C])
      │           ┬  
      │           ╰── The toplevel identifier g is declared twice: it was previously defined at /home/box/source/moonbit/mooner/codegen.mbt:1479:11.
──────╯
Error: [4021]
      ╭─[ /home/box/source/moonbit/mooner/codegen.mbt:1485:15 ]
      │
 1485 │       let g = self.emit_bytes([0xF2, 0x0F, 0x5C])
      │               ──┬─  
      │                 ╰─── The value identifier self is unbound.
──────╯
Error: [4074]
      ╭─[ /home/box/source/moonbit/mooner/codegen.mbt:1486:11 ]
      │
 1486 │       let dest_code = xmm_reg_code(dest)
      │           ────┬────  
      │               ╰────── Cannot infer the type of variable dest_code, please add more type annotation.
──────╯
Error: [4051]
      ╭─[ /home/box/source/moonbit/mooner/codegen.mbt:1486:11 ]
      │
 1486 │       let dest_code = xmm_reg_code(dest)
      │           ────┬────  
      │               ╰────── The toplevel identifier dest_code is declared twice: it was previously defined at /home/box/source/moonbit/mooner/codegen.mbt:1480:11.
──────╯
Error: [4021]
      ╭─[ /home/box/source/moonbit/mooner/codegen.mbt:1486:36 ]
      │
 1486 │       let dest_code = xmm_reg_code(dest)
      │                                    ──┬─  
      │                                      ╰─── The value identifier dest is unbound.
──────╯
Error: [4074]
      ╭─[ /home/box/source/moonbit/mooner/codegen.mbt:1487:11 ]
      │
 1487 │       let src_code = xmm_reg_code(src)
      │           ────┬───  
      │               ╰───── Cannot infer the type of variable src_code, please add more type annotation.
──────╯
Error: [4051]
      ╭─[ /home/box/source/moonbit/mooner/codegen.mbt:1487:11 ]
      │
 1487 │       let src_code = xmm_reg_code(src)
      │           ────┬───  
      │               ╰───── The toplevel identifier src_code is declared twice: it was previously defined at /home/box/source/moonbit/mooner/codegen.mbt:1481:11.
──────╯
Error: [4021]
      ╭─[ /home/box/source/moonbit/mooner/codegen.mbt:1487:35 ]
      │
 1487 │       let src_code = xmm_reg_code(src)
      │                                   ─┬─  
      │                                    ╰─── The value identifier src is unbound.
──────╯
Error: [3002]
      ╭─[ /home/box/source/moonbit/mooner/codegen.mbt:1488:7 ]
      │
 1488 │       g.emit_byte(modrm(3, dest_code, src_code))
      │       ┬  
      │       ╰── Parse error, unexpected token id (lowercase start), you may expect `pub`, `priv`, `type`, `suberror`, `typealias`, `async`, `fn`, `fnalias`, `struct`, `enum`, `let`, `const`, `extern`, `test`, `impl`, `trait`, `traitalias`, `enumview`, `#attribute` or `using`.
──────╯
Error: [4074]
      ╭─[ /home/box/source/moonbit/mooner/codegen.mbt:1491:11 ]
      │
 1491 │       let g = self.emit_bytes([0xF2, 0x0F, 0x59])
      │           ┬  
      │           ╰── Cannot infer the type of variable g, please add more type annotation.
──────╯
Error: [4051]
      ╭─[ /home/box/source/moonbit/mooner/codegen.mbt:1491:11 ]
      │
 1491 │       let g = self.emit_bytes([0xF2, 0x0F, 0x59])
      │           ┬  
      │           ╰── The toplevel identifier g is declared twice: it was previously defined at /home/box/source/moonbit/mooner/codegen.mbt:1485:11.
──────╯
Error: [4021]
      ╭─[ /home/box/source/moonbit/mooner/codegen.mbt:1491:15 ]
      │
 1491 │       let g = self.emit_bytes([0xF2, 0x0F, 0x59])
      │               ──┬─  
      │                 ╰─── The value identifier self is unbound.
──────╯
Error: [4074]
      ╭─[ /home/box/source/moonbit/mooner/codegen.mbt:1492:11 ]
      │
 1492 │       let dest_code = xmm_reg_code(dest)
      │           ────┬────  
      │               ╰────── Cannot infer the type of variable dest_code, please add more type annotation.
──────╯
Error: [4051]
      ╭─[ /home/box/source/moonbit/mooner/codegen.mbt:1492:11 ]
      │
 1492 │       let dest_code = xmm_reg_code(dest)
      │           ────┬────  
      │               ╰────── The toplevel identifier dest_code is declared twice: it was previously defined at /home/box/source/moonbit/mooner/codegen.mbt:1486:11.
──────╯
Error: [4021]
      ╭─[ /home/box/source/moonbit/mooner/codegen.mbt:1492:36 ]
      │
 1492 │       let dest_code = xmm_reg_code(dest)
      │                                    ──┬─  
      │                                      ╰─── The value identifier dest is unbound.
──────╯
Error: [4074]
      ╭─[ /home/box/source/moonbit/mooner/codegen.mbt:1493:11 ]
      │
 1493 │       let src_code = xmm_reg_code(src)
      │           ────┬───  
      │               ╰───── Cannot infer the type of variable src_code, please add more type annotation.
──────╯
Error: [4051]
      ╭─[ /home/box/source/moonbit/mooner/codegen.mbt:1493:11 ]
      │
 1493 │       let src_code = xmm_reg_code(src)
      │           ────┬───  
      │               ╰───── The toplevel identifier src_code is declared twice: it was previously defined at /home/box/source/moonbit/mooner/codegen.mbt:1487:11.
──────╯
Error: [4021]
      ╭─[ /home/box/source/moonbit/mooner/codegen.mbt:1493:35 ]
      │
 1493 │       let src_code = xmm_reg_code(src)
      │                                   ─┬─  
      │                                    ╰─── The value identifier src is unbound.
──────╯
Error: [3002]
      ╭─[ /home/box/source/moonbit/mooner/codegen.mbt:1494:7 ]
      │
 1494 │       g.emit_byte(modrm(3, dest_code, src_code))
      │       ┬  
      │       ╰── Parse error, unexpected token id (lowercase start), you may expect `pub`, `priv`, `type`, `suberror`, `typealias`, `async`, `fn`, `fnalias`, `struct`, `enum`, `let`, `const`, `extern`, `test`, `impl`, `trait`, `traitalias`, `enumview`, `#attribute` or `using`.
──────╯
Error: [4074]
      ╭─[ /home/box/source/moonbit/mooner/codegen.mbt:1497:11 ]
      │
 1497 │       let g = self.emit_bytes([0xF2, 0x0F, 0x5E])
      │           ┬  
      │           ╰── Cannot infer the type of variable g, please add more type annotation.
──────╯
Error: [4051]
      ╭─[ /home/box/source/moonbit/mooner/codegen.mbt:1497:11 ]
      │
 1497 │       let g = self.emit_bytes([0xF2, 0x0F, 0x5E])
      │           ┬  
      │           ╰── The toplevel identifier g is declared twice: it was previously defined at /home/box/source/moonbit/mooner/codegen.mbt:1491:11.
──────╯
Error: [4021]
      ╭─[ /home/box/source/moonbit/mooner/codegen.mbt:1497:15 ]
      │
 1497 │       let g = self.emit_bytes([0xF2, 0x0F, 0x5E])
      │               ──┬─  
      │                 ╰─── The value identifier self is unbound.
──────╯
Error: [4074]
      ╭─[ /home/box/source/moonbit/mooner/codegen.mbt:1498:11 ]
      │
 1498 │       let dest_code = xmm_reg_code(dest)
      │           ────┬────  
      │               ╰────── Cannot infer the type of variable dest_code, please add more type annotation.
──────╯
Error: [4051]
      ╭─[ /home/box/source/moonbit/mooner/codegen.mbt:1498:11 ]
      │
 1498 │       let dest_code = xmm_reg_code(dest)
      │           ────┬────  
      │               ╰────── The toplevel identifier dest_code is declared twice: it was previously defined at /home/box/source/moonbit/mooner/codegen.mbt:1492:11.
──────╯
Error: [4021]
      ╭─[ /home/box/source/moonbit/mooner/codegen.mbt:1498:36 ]
      │
 1498 │       let dest_code = xmm_reg_code(dest)
      │                                    ──┬─  
      │                                      ╰─── The value identifier dest is unbound.
──────╯
Error: [4074]
      ╭─[ /home/box/source/moonbit/mooner/codegen.mbt:1499:11 ]
      │
 1499 │       let src_code = xmm_reg_code(src)
      │           ────┬───  
      │               ╰───── Cannot infer the type of variable src_code, please add more type annotation.
──────╯
Error: [4051]
      ╭─[ /home/box/source/moonbit/mooner/codegen.mbt:1499:11 ]
      │
 1499 │       let src_code = xmm_reg_code(src)
      │           ────┬───  
      │               ╰───── The toplevel identifier src_code is declared twice: it was previously defined at /home/box/source/moonbit/mooner/codegen.mbt:1493:11.
──────╯
Error: [4021]
      ╭─[ /home/box/source/moonbit/mooner/codegen.mbt:1499:35 ]
      │
 1499 │       let src_code = xmm_reg_code(src)
      │                                   ─┬─  
      │                                    ╰─── The value identifier src is unbound.
──────╯
Error: [3002]
      ╭─[ /home/box/source/moonbit/mooner/codegen.mbt:1500:7 ]
      │
 1500 │       g.emit_byte(modrm(3, dest_code, src_code))
      │       ┬  
      │       ╰── Parse error, unexpected token id (lowercase start), you may expect `pub`, `priv`, `type`, `suberror`, `typealias`, `async`, `fn`, `fnalias`, `struct`, `enum`, `let`, `const`, `extern`, `test`, `impl`, `trait`, `traitalias`, `enumview`, `#attribute` or `using`.
──────╯
Error: [4074]
      ╭─[ /home/box/source/moonbit/mooner/codegen.mbt:1503:11 ]
      │
 1503 │       let g = self.emit_bytes([0x66, 0x0F, 0x2E])
      │           ┬  
      │           ╰── Cannot infer the type of variable g, please add more type annotation.
──────╯
Error: [4051]
      ╭─[ /home/box/source/moonbit/mooner/codegen.mbt:1503:11 ]
      │
 1503 │       let g = self.emit_bytes([0x66, 0x0F, 0x2E])
      │           ┬  
      │           ╰── The toplevel identifier g is declared twice: it was previously defined at /home/box/source/moonbit/mooner/codegen.mbt:1497:11.
──────╯
Error: [4021]
      ╭─[ /home/box/source/moonbit/mooner/codegen.mbt:1503:15 ]
      │
 1503 │       let g = self.emit_bytes([0x66, 0x0F, 0x2E])
      │               ──┬─  
      │                 ╰─── The value identifier self is unbound.
──────╯
Error: [4074]
      ╭─[ /home/box/source/moonbit/mooner/codegen.mbt:1504:11 ]
      │
 1504 │       let dest_code = xmm_reg_code(dest)
      │           ────┬────  
      │               ╰────── Cannot infer the type of variable dest_code, please add more type annotation.
──────╯
Error: [4051]
      ╭─[ /home/box/source/moonbit/mooner/codegen.mbt:1504:11 ]
      │
 1504 │       let dest_code = xmm_reg_code(dest)
      │           ────┬────  
      │               ╰────── The toplevel identifier dest_code is declared twice: it was previously defined at /home/box/source/moonbit/mooner/codegen.mbt:1498:11.
──────╯
Error: [4021]
      ╭─[ /home/box/source/moonbit/mooner/codegen.mbt:1504:36 ]
      │
 1504 │       let dest_code = xmm_reg_code(dest)
      │                                    ──┬─  
      │                                      ╰─── The value identifier dest is unbound.
──────╯
Error: [4074]
      ╭─[ /home/box/source/moonbit/mooner/codegen.mbt:1505:11 ]
      │
 1505 │       let src_code = xmm_reg_code(src)
      │           ────┬───  
      │               ╰───── Cannot infer the type of variable src_code, please add more type annotation.
──────╯
Error: [4051]
      ╭─[ /home/box/source/moonbit/mooner/codegen.mbt:1505:11 ]
      │
 1505 │       let src_code = xmm_reg_code(src)
      │           ────┬───  
      │               ╰───── The toplevel identifier src_code is declared twice: it was previously defined at /home/box/source/moonbit/mooner/codegen.mbt:1499:11.
──────╯
Error: [4021]
      ╭─[ /home/box/source/moonbit/mooner/codegen.mbt:1505:35 ]
      │
 1505 │       let src_code = xmm_reg_code(src)
      │                                   ─┬─  
      │                                    ╰─── The value identifier src is unbound.
──────╯
Error: [3002]
      ╭─[ /home/box/source/moonbit/mooner/codegen.mbt:1506:7 ]
      │
 1506 │       g.emit_byte(modrm(3, dest_code, src_code))
      │       ┬  
      │       ╰── Parse error, unexpected token id (lowercase start), you may expect `pub`, `priv`, `type`, `suberror`, `typealias`, `async`, `fn`, `fnalias`, `struct`, `enum`, `let`, `const`, `extern`, `test`, `impl`, `trait`, `traitalias`, `enumview`, `#attribute` or `using`.
──────╯
Error: [4074]
      ╭─[ /home/box/source/moonbit/mooner/codegen.mbt:1509:11 ]
      │
 1509 │       let g = self.emit_bytes([0xF2, 0x48, 0x0F, 0x2A])
      │           ┬  
      │           ╰── Cannot infer the type of variable g, please add more type annotation.
──────╯
Error: [4051]
      ╭─[ /home/box/source/moonbit/mooner/codegen.mbt:1509:11 ]
      │
 1509 │       let g = self.emit_bytes([0xF2, 0x48, 0x0F, 0x2A])
      │           ┬  
      │           ╰── The toplevel identifier g is declared twice: it was previously defined at /home/box/source/moonbit/mooner/codegen.mbt:1503:11.
──────╯
Error: [4021]
      ╭─[ /home/box/source/moonbit/mooner/codegen.mbt:1509:15 ]
      │
 1509 │       let g = self.emit_bytes([0xF2, 0x48, 0x0F, 0x2A])
      │               ──┬─  
      │                 ╰─── The value identifier self is unbound.
──────╯
Error: [4074]
      ╭─[ /home/box/source/moonbit/mooner/codegen.mbt:1510:11 ]
      │
 1510 │       let dest_code = xmm_reg_code(dest)
      │           ────┬────  
      │               ╰────── Cannot infer the type of variable dest_code, please add more type annotation.
──────╯
Error: [4051]
      ╭─[ /home/box/source/moonbit/mooner/codegen.mbt:1510:11 ]
      │
 1510 │       let dest_code = xmm_reg_code(dest)
      │           ────┬────  
      │               ╰────── The toplevel identifier dest_code is declared twice: it was previously defined at /home/box/source/moonbit/mooner/codegen.mbt:1504:11.
──────╯
Error: [4021]
      ╭─[ /home/box/source/moonbit/mooner/codegen.mbt:1510:36 ]
      │
 1510 │       let dest_code = xmm_reg_code(dest)
      │                                    ──┬─  
      │                                      ╰─── The value identifier dest is unbound.
──────╯
Error: [4074]
      ╭─[ /home/box/source/moonbit/mooner/codegen.mbt:1511:11 ]
      │
 1511 │       let src_code = reg_code(src)
      │           ────┬───  
      │               ╰───── Cannot infer the type of variable src_code, please add more type annotation.
──────╯
Error: [4051]
      ╭─[ /home/box/source/moonbit/mooner/codegen.mbt:1511:11 ]
      │
 1511 │       let src_code = reg_code(src)
      │           ────┬───  
      │               ╰───── The toplevel identifier src_code is declared twice: it was previously defined at /home/box/source/moonbit/mooner/codegen.mbt:1505:11.
──────╯
Error: [4021]
      ╭─[ /home/box/source/moonbit/mooner/codegen.mbt:1511:31 ]
      │
 1511 │       let src_code = reg_code(src)
      │                               ─┬─  
      │                                ╰─── The value identifier src is unbound.
──────╯
Error: [3002]
      ╭─[ /home/box/source/moonbit/mooner/codegen.mbt:1512:7 ]
      │
 1512 │       g.emit_byte(modrm(3, dest_code, src_code))
      │       ┬  
      │       ╰── Parse error, unexpected token id (lowercase start), you may expect `pub`, `priv`, `type`, `suberror`, `typealias`, `async`, `fn`, `fnalias`, `struct`, `enum`, `let`, `const`, `extern`, `test`, `impl`, `trait`, `traitalias`, `enumview`, `#attribute` or `using`.
──────╯
Error: [4074]
      ╭─[ /home/box/source/moonbit/mooner/codegen.mbt:1515:11 ]
      │
 1515 │       let g = self.emit_bytes([0xF2, 0x48, 0x0F, 0x2C])
      │           ┬  
      │           ╰── Cannot infer the type of variable g, please add more type annotation.
──────╯
Error: [4051]
      ╭─[ /home/box/source/moonbit/mooner/codegen.mbt:1515:11 ]
      │
 1515 │       let g = self.emit_bytes([0xF2, 0x48, 0x0F, 0x2C])
      │           ┬  
      │           ╰── The toplevel identifier g is declared twice: it was previously defined at /home/box/source/moonbit/mooner/codegen.mbt:1509:11.
──────╯
Error: [4021]
      ╭─[ /home/box/source/moonbit/mooner/codegen.mbt:1515:15 ]
      │
 1515 │       let g = self.emit_bytes([0xF2, 0x48, 0x0F, 0x2C])
      │               ──┬─  
      │                 ╰─── The value identifier self is unbound.
──────╯
Error: [4074]
      ╭─[ /home/box/source/moonbit/mooner/codegen.mbt:1516:11 ]
      │
 1516 │       let dest_code = reg_code(dest)
      │           ────┬────  
      │               ╰────── Cannot infer the type of variable dest_code, please add more type annotation.
──────╯
Error: [4051]
      ╭─[ /home/box/source/moonbit/mooner/codegen.mbt:1516:11 ]
      │
 1516 │       let dest_code = reg_code(dest)
      │           ────┬────  
      │               ╰────── The toplevel identifier dest_code is declared twice: it was previously defined at /home/box/source/moonbit/mooner/codegen.mbt:1510:11.
──────╯
Error: [4021]
      ╭─[ /home/box/source/moonbit/mooner/codegen.mbt:1516:32 ]
      │
 1516 │       let dest_code = reg_code(dest)
      │                                ──┬─  
      │                                  ╰─── The value identifier dest is unbound.
──────╯
Error: [4074]
      ╭─[ /home/box/source/moonbit/mooner/codegen.mbt:1517:11 ]
      │
 1517 │       let src_code = xmm_reg_code(src)
      │           ────┬───  
      │               ╰───── Cannot infer the type of variable src_code, please add more type annotation.
──────╯
Error: [4051]
      ╭─[ /home/box/source/moonbit/mooner/codegen.mbt:1517:11 ]
      │
 1517 │       let src_code = xmm_reg_code(src)
      │           ────┬───  
      │               ╰───── The toplevel identifier src_code is declared twice: it was previously defined at /home/box/source/moonbit/mooner/codegen.mbt:1511:11.
──────╯
Error: [4021]
      ╭─[ /home/box/source/moonbit/mooner/codegen.mbt:1517:35 ]
      │
 1517 │       let src_code = xmm_reg_code(src)
      │                                   ─┬─  
      │                                    ╰─── The value identifier src is unbound.
──────╯
Error: [3002]
      ╭─[ /home/box/source/moonbit/mooner/codegen.mbt:1518:7 ]
      │
 1518 │       g.emit_byte(modrm(3, src_code, dest_code))
      │       ┬  
      │       ╰── Parse error, unexpected token id (lowercase start), you may expect `pub`, `priv`, `type`, `suberror`, `typealias`, `async`, `fn`, `fnalias`, `struct`, `enum`, `let`, `const`, `extern`, `test`, `impl`, `trait`, `traitalias`, `enumview`, `#attribute` or `using`.
──────╯
Warning: [0006]
   ╭─[ /home/box/source/moonbit/mooner/codegen.mbt:3:3 ]
   │
 3 │   Imm(Int)
   │   ─┬─  
   │    ╰─── Warning (unused_constructor): Variant 'Imm' is never constructed
───╯
Warning: [0006]
   ╭─[ /home/box/source/moonbit/mooner/codegen.mbt:4:3 ]
   │
 4 │   Reg(String)
   │   ─┬─  
   │    ╰─── Warning (unused_constructor): Variant 'Reg' is never constructed
───╯
Warning: [0006]
   ╭─[ /home/box/source/moonbit/mooner/codegen.mbt:5:3 ]
   │
 5 │   Stack(Int)
   │   ──┬──  
   │     ╰──── Warning (unused_constructor): Variant 'Stack' is never constructed
───╯
Warning: [0006]
   ╭─[ /home/box/source/moonbit/mooner/codegen.mbt:6:3 ]
   │
 6 │   Label(String)
   │   ──┬──  
   │     ╰──── Warning (unused_constructor): Variant 'Label' is never constructed
───╯
Warning: [0006]
   ╭─[ /home/box/source/moonbit/mooner/codegen.mbt:7:3 ]
   │
 7 │   LabelAddr(String)
   │   ────┬────  
   │       ╰────── Warning (unused_constructor): Variant 'LabelAddr' is never constructed
───╯
Warning: [0006]
    ╭─[ /home/box/source/moonbit/mooner/codegen.mbt:25:3 ]
    │
 25 │   Not(X86Operand)
    │   ─┬─  
    │    ╰─── Warning (unused_constructor): Variant 'Not' is never constructed
────╯
Warning: [0006]
    ╭─[ /home/box/source/moonbit/mooner/codegen.mbt:36:3 ]
    │
 36 │   Jg(String)
    │   ─┬  
    │    ╰── Warning (unused_constructor): Variant 'Jg' is never constructed
────╯
Warning: [0006]
    ╭─[ /home/box/source/moonbit/mooner/codegen.mbt:38:3 ]
    │
 38 │   Jl(String)
    │   ─┬  
    │    ╰── Warning (unused_constructor): Variant 'Jl' is never constructed
────╯
Warning: [0006]
    ╭─[ /home/box/source/moonbit/mooner/codegen.mbt:39:3 ]
    │
 39 │   Jle(String)
    │   ─┬─  
    │    ╰─── Warning (unused_constructor): Variant 'Jle' is never constructed
────╯
Warning: [0006]
    ╭─[ /home/box/source/moonbit/mooner/codegen.mbt:43:3 ]
    │
 43 │   Jbe(String)
    │   ─┬─  
    │    ╰─── Warning (unused_constructor): Variant 'Jbe' is never constructed
────╯
Warning: [0006]
    ╭─[ /home/box/source/moonbit/mooner/codegen.mbt:45:3 ]
    │
 45 │   Jnz(String)
    │   ─┬─  
    │    ╰─── Warning (unused_constructor): Variant 'Jnz' is never constructed
────╯
Warning: [0006]
    ╭─[ /home/box/source/moonbit/mooner/codegen.mbt:53:3 ]
    │
 53 │   Seta(X86Operand)
    │   ──┬─  
    │     ╰─── Warning (unused_constructor): Variant 'Seta' is never constructed
────╯
Warning: [0006]
    ╭─[ /home/box/source/moonbit/mooner/codegen.mbt:54:3 ]
    │
 54 │   Setae(X86Operand)
    │   ──┬──  
    │     ╰──── Warning (unused_constructor): Variant 'Setae' is never constructed
────╯
Warning: [0006]
    ╭─[ /home/box/source/moonbit/mooner/codegen.mbt:55:3 ]
    │
 55 │   Setb(X86Operand)
    │   ──┬─  
    │     ╰─── Warning (unused_constructor): Variant 'Setb' is never constructed
────╯
Warning: [0006]
    ╭─[ /home/box/source/moonbit/mooner/codegen.mbt:56:3 ]
    │
 56 │   Setbe(X86Operand)
    │   ──┬──  
    │     ╰──── Warning (unused_constructor): Variant 'Setbe' is never constructed
────╯
Warning: [0006]
    ╭─[ /home/box/source/moonbit/mooner/codegen.mbt:61:3 ]
    │
 61 │   Nop
    │   ─┬─  
    │    ╰─── Warning (unused_constructor): Variant 'Nop' is never constructed
────╯
Warning: [0006]
    ╭─[ /home/box/source/moonbit/mooner/codegen.mbt:72:3 ]
    │
 72 │   RepMovsq
    │   ────┬───  
    │       ╰───── Warning (unused_constructor): Variant 'RepMovsq' is never constructed
────╯
Warning: [0006]
    ╭─[ /home/box/source/moonbit/mooner/codegen.mbt:79:3 ]
    │
 79 │   Imm64(Int)
    │   ──┬──  
    │     ╰──── Warning (unused_constructor): Variant 'Imm64' is never constructed
────╯
Warning: [0006]
    ╭─[ /home/box/source/moonbit/mooner/codegen.mbt:81:3 ]
    │
 81 │   Reg32(String)
    │   ──┬──  
    │     ╰──── Warning (unused_constructor): Variant 'Reg32' is never constructed
────╯
Warning: [0006]
    ╭─[ /home/box/source/moonbit/mooner/codegen.mbt:84:3 ]
    │
 84 │   Stack8(Int)
    │   ───┬──  
    │      ╰──── Warning (unused_constructor): Variant 'Stack8' is never constructed
────╯
Warning: [0006]
    ╭─[ /home/box/source/moonbit/mooner/codegen.mbt:85:3 ]
    │
 85 │   Stack32(Int)
    │   ───┬───  
    │      ╰───── Warning (unused_constructor): Variant 'Stack32' is never constructed
────╯
Warning: [0006]
    ╭─[ /home/box/source/moonbit/mooner/codegen.mbt:89:3 ]
    │
 89 │   Label(String)
    │   ──┬──  
    │     ╰──── Warning (unused_constructor): Variant 'Label' is never constructed
────╯
Warning: [0002]
      ╭─[ /home/box/source/moonbit/mooner/codegen.mbt:1479:11 ]
      │
 1479 │       let g = self.emit_bytes([0xF2, 0x0F, 0x58])
      │           ┬  
      │           ╰── Warning (unused_value): Unused toplevel variable 'g'. Note if the body contains side effect, it will not happen. Use `fn init { .. }` to wrap the effect.
──────╯
Warning: [0002]
      ╭─[ /home/box/source/moonbit/mooner/codegen.mbt:1480:11 ]
      │
 1480 │       let dest_code = xmm_reg_code(dest)
      │           ────┬────  
      │               ╰────── Warning (unused_value): Unused toplevel variable 'dest_code'. Note if the body contains side effect, it will not happen. Use `fn init { .. }` to wrap the effect.
──────╯
Warning: [0002]
      ╭─[ /home/box/source/moonbit/mooner/codegen.mbt:1481:11 ]
      │
 1481 │       let src_code = xmm_reg_code(src)
      │           ────┬───  
      │               ╰───── Warning (unused_value): Unused toplevel variable 'src_code'. Note if the body contains side effect, it will not happen. Use `fn init { .. }` to wrap the effect.
──────╯
Warning: [0002]
      ╭─[ /home/box/source/moonbit/mooner/codegen.mbt:1485:11 ]
      │
 1485 │       let g = self.emit_bytes([0xF2, 0x0F, 0x5C])
      │           ┬  
      │           ╰── Warning (unused_value): Unused toplevel variable 'g'. Note if the body contains side effect, it will not happen. Use `fn init { .. }` to wrap the effect.
──────╯
Warning: [0002]
      ╭─[ /home/box/source/moonbit/mooner/codegen.mbt:1486:11 ]
      │
 1486 │       let dest_code = xmm_reg_code(dest)
      │           ────┬────  
      │               ╰────── Warning (unused_value): Unused toplevel variable 'dest_code'. Note if the body contains side effect, it will not happen. Use `fn init { .. }` to wrap the effect.
──────╯
Warning: [0002]
      ╭─[ /home/box/source/moonbit/mooner/codegen.mbt:1487:11 ]
      │
 1487 │       let src_code = xmm_reg_code(src)
      │           ────┬───  
      │               ╰───── Warning (unused_value): Unused toplevel variable 'src_code'. Note if the body contains side effect, it will not happen. Use `fn init { .. }` to wrap the effect.
──────╯
Warning: [0002]
      ╭─[ /home/box/source/moonbit/mooner/codegen.mbt:1491:11 ]
      │
 1491 │       let g = self.emit_bytes([0xF2, 0x0F, 0x59])
      │           ┬  
      │           ╰── Warning (unused_value): Unused toplevel variable 'g'. Note if the body contains side effect, it will not happen. Use `fn init { .. }` to wrap the effect.
──────╯
Warning: [0002]
      ╭─[ /home/box/source/moonbit/mooner/codegen.mbt:1492:11 ]
      │
 1492 │       let dest_code = xmm_reg_code(dest)
      │           ────┬────  
      │               ╰────── Warning (unused_value): Unused toplevel variable 'dest_code'. Note if the body contains side effect, it will not happen. Use `fn init { .. }` to wrap the effect.
──────╯
Warning: [0002]
      ╭─[ /home/box/source/moonbit/mooner/codegen.mbt:1493:11 ]
      │
 1493 │       let src_code = xmm_reg_code(src)
      │           ────┬───  
      │               ╰───── Warning (unused_value): Unused toplevel variable 'src_code'. Note if the body contains side effect, it will not happen. Use `fn init { .. }` to wrap the effect.
──────╯
Warning: [0002]
      ╭─[ /home/box/source/moonbit/mooner/codegen.mbt:1497:11 ]
      │
 1497 │       let g = self.emit_bytes([0xF2, 0x0F, 0x5E])
      │           ┬  
      │           ╰── Warning (unused_value): Unused toplevel variable 'g'. Note if the body contains side effect, it will not happen. Use `fn init { .. }` to wrap the effect.
──────╯
Warning: [0002]
      ╭─[ /home/box/source/moonbit/mooner/codegen.mbt:1498:11 ]
      │
 1498 │       let dest_code = xmm_reg_code(dest)
      │           ────┬────  
      │               ╰────── Warning (unused_value): Unused toplevel variable 'dest_code'. Note if the body contains side effect, it will not happen. Use `fn init { .. }` to wrap the effect.
──────╯
Warning: [0002]
      ╭─[ /home/box/source/moonbit/mooner/codegen.mbt:1499:11 ]
      │
 1499 │       let src_code = xmm_reg_code(src)
      │           ────┬───  
      │               ╰───── Warning (unused_value): Unused toplevel variable 'src_code'. Note if the body contains side effect, it will not happen. Use `fn init { .. }` to wrap the effect.
──────╯
Warning: [0002]
      ╭─[ /home/box/source/moonbit/mooner/codegen.mbt:1503:11 ]
      │
 1503 │       let g = self.emit_bytes([0x66, 0x0F, 0x2E])
      │           ┬  
      │           ╰── Warning (unused_value): Unused toplevel variable 'g'. Note if the body contains side effect, it will not happen. Use `fn init { .. }` to wrap the effect.
──────╯
Warning: [0002]
      ╭─[ /home/box/source/moonbit/mooner/codegen.mbt:1504:11 ]
      │
 1504 │       let dest_code = xmm_reg_code(dest)
      │           ────┬────  
      │               ╰────── Warning (unused_value): Unused toplevel variable 'dest_code'. Note if the body contains side effect, it will not happen. Use `fn init { .. }` to wrap the effect.
──────╯
Warning: [0002]
      ╭─[ /home/box/source/moonbit/mooner/codegen.mbt:1505:11 ]
      │
 1505 │       let src_code = xmm_reg_code(src)
      │           ────┬───  
      │               ╰───── Warning (unused_value): Unused toplevel variable 'src_code'. Note if the body contains side effect, it will not happen. Use `fn init { .. }` to wrap the effect.
──────╯
Warning: [0002]
      ╭─[ /home/box/source/moonbit/mooner/codegen.mbt:1509:11 ]
      │
 1509 │       let g = self.emit_bytes([0xF2, 0x48, 0x0F, 0x2A])
      │           ┬  
      │           ╰── Warning (unused_value): Unused toplevel variable 'g'. Note if the body contains side effect, it will not happen. Use `fn init { .. }` to wrap the effect.
──────╯
Warning: [0002]
      ╭─[ /home/box/source/moonbit/mooner/codegen.mbt:1510:11 ]
      │
 1510 │       let dest_code = xmm_reg_code(dest)
      │           ────┬────  
      │               ╰────── Warning (unused_value): Unused toplevel variable 'dest_code'. Note if the body contains side effect, it will not happen. Use `fn init { .. }` to wrap the effect.
──────╯
Warning: [0002]
      ╭─[ /home/box/source/moonbit/mooner/codegen.mbt:1511:11 ]
      │
 1511 │       let src_code = reg_code(src)
      │           ────┬───  
      │               ╰───── Warning (unused_value): Unused toplevel variable 'src_code'. Note if the body contains side effect, it will not happen. Use `fn init { .. }` to wrap the effect.
──────╯
Warning: [0002]
      ╭─[ /home/box/source/moonbit/mooner/codegen.mbt:1515:11 ]
      │
 1515 │       let g = self.emit_bytes([0xF2, 0x48, 0x0F, 0x2C])
      │           ┬  
      │           ╰── Warning (unused_value): Unused toplevel variable 'g'. Note if the body contains side effect, it will not happen. Use `fn init { .. }` to wrap the effect.
──────╯
Warning: [0002]
      ╭─[ /home/box/source/moonbit/mooner/codegen.mbt:1516:11 ]
      │
 1516 │       let dest_code = reg_code(dest)
      │           ────┬────  
      │               ╰────── Warning (unused_value): Unused toplevel variable 'dest_code'. Note if the body contains side effect, it will not happen. Use `fn init { .. }` to wrap the effect.
──────╯
Warning: [0002]
      ╭─[ /home/box/source/moonbit/mooner/codegen.mbt:1517:11 ]
      │
 1517 │       let src_code = xmm_reg_code(src)
      │           ────┬───  
      │               ╰───── Warning (unused_value): Unused toplevel variable 'src_code'. Note if the body contains side effect, it will not happen. Use `fn init { .. }` to wrap the effect.
──────╯
Warning: [0035]
      ╭─[ /home/box/source/moonbit/mooner/codegen.mbt:1623:27 ]
      │
 1623 │     CallExpr(FieldExpr(_, method), _) => method == "length"
      │                           ───┬──  
      │                              ╰──── Warning (reserved_keyword): The word `method` is reserved for possible future use. Please consider using another name.
──────╯
Warning: [0035]
      ╭─[ /home/box/source/moonbit/mooner/codegen.mbt:1623:42 ]
      │
 1623 │     CallExpr(FieldExpr(_, method), _) => method == "length"
      │                                          ───┬──  
      │                                             ╰──── Warning (reserved_keyword): The word `method` is reserved for possible future use. Please consider using another name.
──────╯
Warning: [0002]
      ╭─[ /home/box/source/moonbit/mooner/codegen.mbt:2202:23 ]
      │
 2202 │                 Ident(var_name) => {
      │                       ────┬───  
      │                           ╰───── Warning (unused_value): Unused variable 'var_name'
──────╯
Warning: [0002]
      ╭─[ /home/box/source/moonbit/mooner/codegen.mbt:2253:23 ]
      │
 2253 │               let mut need_skip_print = false
      │                       ───────┬───────  
      │                              ╰───────── Warning (unused_value): Unused variable 'need_skip_print'
──────╯
Warning: [0002]
      ╭─[ /home/box/source/moonbit/mooner/codegen.mbt:2790:38 ]
      │
 2790 │                   StructUpdate(base, updates) => {
      │                                      ───┬───  
      │                                         ╰───── Warning (unused_value): Unused variable 'updates'
──────╯
Warning: [0002]
      ╭─[ /home/box/source/moonbit/mooner/codegen.mbt:2906:42 ]
      │
 2906 │                   CallExpr(Ident(fname), inner_args) =>
      │                                          ─────┬────  
      │                                               ╰────── Warning (unused_value): Unused variable 'inner_args'
──────╯
Warning: [0002]
      ╭─[ /home/box/source/moonbit/mooner/codegen.mbt:3478:22 ]
      │
 3478 │                 let (g3, done_digits) = g2.new_label()
      │                      ─┬  
      │                       ╰── Warning (unused_value): Unused variable 'g3'
──────╯
Warning: [0002]
      ╭─[ /home/box/source/moonbit/mooner/codegen.mbt:3562:36 ]
      │
 3562 │                         let (g_ok, ok_label) = g.new_label()
      │                                    ────┬───  
      │                                        ╰───── Warning (unused_value): Unused variable 'ok_label'
──────╯
Warning: [0002]
      ╭─[ /home/box/source/moonbit/mooner/codegen.mbt:3563:30 ]
      │
 3563 │                         let (g_fail, fail_label) = g_ok.new_label()
      │                              ───┬──  
      │                                 ╰──── Warning (unused_value): Unused variable 'g_fail'
──────╯
Warning: [0002]
      ╭─[ /home/box/source/moonbit/mooner/codegen.mbt:3581:30 ]
      │
 3581 │                         let (g_fail, fail_label) = g_ok.new_label()
      │                              ───┬──  
      │                                 ╰──── Warning (unused_value): Unused variable 'g_fail'
──────╯
Warning: [0002]
      ╭─[ /home/box/source/moonbit/mooner/codegen.mbt:3603:30 ]
      │
 3603 │                         let (g_fail, fail_label) = g_ok.new_label()
      │                              ───┬──  
      │                                 ╰──── Warning (unused_value): Unused variable 'g_fail'
──────╯
Warning: [0002]
      ╭─[ /home/box/source/moonbit/mooner/codegen.mbt:3623:30 ]
      │
 3623 │                         let (g_fail, fail_label) = g_ok.new_label()
      │                              ───┬──  
      │                                 ╰──── Warning (unused_value): Unused variable 'g_fail'
──────╯
Warning: [0002]
      ╭─[ /home/box/source/moonbit/mooner/codegen.mbt:3660:32 ]
      │
 3660 │                     let (g_ok, ok_label) = g.new_label()
      │                                ────┬───  
      │                                    ╰───── Warning (unused_value): Unused variable 'ok_label'
──────╯
Warning: [0002]
      ╭─[ /home/box/source/moonbit/mooner/codegen.mbt:3661:26 ]
      │
 3661 │                     let (g_fail, fail_label) = g_ok.new_label()
      │                          ───┬──  
      │                             ╰──── Warning (unused_value): Unused variable 'g_fail'
──────╯
Warning: [0002]
      ╭─[ /home/box/source/moonbit/mooner/codegen.mbt:3677:26 ]
      │
 3677 │                     let (g_fail, fail_label) = g_ok.new_label()
      │                          ───┬──  
      │                             ╰──── Warning (unused_value): Unused variable 'g_fail'
──────╯
Warning: [0002]
      ╭─[ /home/box/source/moonbit/mooner/codegen.mbt:3696:26 ]
      │
 3696 │                     let (g_fail, fail_label) = g_ok.new_label()
      │                          ───┬──  
      │                             ╰──── Warning (unused_value): Unused variable 'g_fail'
──────╯
Warning: [0002]
      ╭─[ /home/box/source/moonbit/mooner/codegen.mbt:4055:24 ]
      │
 4055 │       let (g2, offset, is_array_val) = if is_struct_or_tuple &&
      │                        ──────┬─────  
      │                              ╰─────── Warning (unused_value): Unused variable 'is_array_val'
──────╯
Warning: [0002]
      ╭─[ /home/box/source/moonbit/mooner/codegen.mbt:4332:15 ]
      │
 4332 │       let mut need_end_label = true
      │               ───────┬──────  
      │                      ╰──────── Warning (unused_value): Unused variable 'need_end_label'
──────╯
Warning: [0002]
      ╭─[ /home/box/source/moonbit/mooner/codegen.mbt:4382:26 ]
      │
 4382 │                 let (g3, load_ptr_label) = g2.new_label()
      │                          ───────┬──────  
      │                                 ╰──────── Warning (unused_value): Unused variable 'load_ptr_label'
──────╯
Warning: [0002]
      ╭─[ /home/box/source/moonbit/mooner/codegen.mbt:4707:13 ]
      │
 4707 │     EnumDef(name, variants) => {
      │             ──┬─  
      │               ╰─── Warning (unused_value): Unused variable 'name'
──────╯
Warning: [0002]
      ╭─[ /home/box/source/moonbit/mooner/codegen.mbt:4716:15 ]
      │
 4716 │     StructLit(type_name, fields) => {
      │               ────┬────  
      │                   ╰────── Warning (unused_value): Unused variable 'type_name'
──────╯
Warning: [0002]
      ╭─[ /home/box/source/moonbit/mooner/codegen.mbt:4804:15 ]
      │
 4804 │     TestBlock(name, body) => {
      │               ──┬─  
      │                 ╰─── Warning (unused_value): Unused variable 'name'
──────╯
Warning: [0002]
    ╭─[ /home/box/source/moonbit/mooner/compiler.mbt:25:7 ]
    │
 25 │   let padding : Array[Byte] = Array::make(padding_len, 0x00B)
    │       ───┬───  
    │          ╰───── Warning (unused_value): Unused variable 'padding'
────╯
Warning: [0006]
    ╭─[ /home/box/source/moonbit/mooner/lexer.mbt:35:3 ]
    │
 35 │   UInt(UInt)
    │   ──┬─  
    │     ╰─── Warning (unused_constructor): Variant 'UInt' is never constructed
────╯
Warning: [0006]
    ╭─[ /home/box/source/moonbit/mooner/lexer.mbt:85:3 ]
    │
 85 │   InterpolateStart
    │   ────────┬───────  
    │           ╰───────── Warning (unused_constructor): Variant 'InterpolateStart' is never constructed
────╯
Warning: [0006]
    ╭─[ /home/box/source/moonbit/mooner/lexer.mbt:86:3 ]
    │
 86 │   InterpolateEnd
    │   ───────┬──────  
    │          ╰──────── Warning (unused_constructor): Variant 'InterpolateEnd' is never constructed
────╯
Warning: [0001]
     ╭─[ /home/box/source/moonbit/mooner/lexer.mbt:231:4 ]
     │
 231 │ fn read_while(lexer : Lexer, cond_fn : (Char) -> Bool) -> (String, Lexer) {
     │    ─────┬────  
     │         ╰────── Warning (unused_value): Unused function 'read_while'
─────╯
Warning: [0020]
     ╭─[ /home/box/source/moonbit/mooner/lexer.mbt:608:27 ]
     │
 608 │                   s = s + Char::from_int(code).to_string()
     │                           ───────┬──────  
     │                                  ╰──────── Warning (deprecated): Use `Int::unsafe_to_char` instead, and use `Int::to_char` for safe conversion
─────╯
Warning: [0020]
     ╭─[ /home/box/source/moonbit/mooner/lexer.mbt:613:27 ]
     │
 613 │                   s = s + Char::from_int(b1).to_string()
     │                           ───────┬──────  
     │                                  ╰──────── Warning (deprecated): Use `Int::unsafe_to_char` instead, and use `Int::to_char` for safe conversion
─────╯
Warning: [0020]
     ╭─[ /home/box/source/moonbit/mooner/lexer.mbt:614:27 ]
     │
 614 │                   s = s + Char::from_int(b2).to_string()
     │                           ───────┬──────  
     │                                  ╰──────── Warning (deprecated): Use `Int::unsafe_to_char` instead, and use `Int::to_char` for safe conversion
─────╯
Warning: [0020]
     ╭─[ /home/box/source/moonbit/mooner/lexer.mbt:620:27 ]
     │
 620 │                   s = s + Char::from_int(b1).to_string()
     │                           ───────┬──────  
     │                                  ╰──────── Warning (deprecated): Use `Int::unsafe_to_char` instead, and use `Int::to_char` for safe conversion
─────╯
Warning: [0020]
     ╭─[ /home/box/source/moonbit/mooner/lexer.mbt:621:27 ]
     │
 621 │                   s = s + Char::from_int(b2).to_string()
     │                           ───────┬──────  
     │                                  ╰──────── Warning (deprecated): Use `Int::unsafe_to_char` instead, and use `Int::to_char` for safe conversion
─────╯
Warning: [0020]
     ╭─[ /home/box/source/moonbit/mooner/lexer.mbt:622:27 ]
     │
 622 │                   s = s + Char::from_int(b3).to_string()
     │                           ───────┬──────  
     │                                  ╰──────── Warning (deprecated): Use `Int::unsafe_to_char` instead, and use `Int::to_char` for safe conversion
─────╯
Warning: [0020]
     ╭─[ /home/box/source/moonbit/mooner/lexer.mbt:629:27 ]
     │
 629 │                   s = s + Char::from_int(b1).to_string()
     │                           ───────┬──────  
     │                                  ╰──────── Warning (deprecated): Use `Int::unsafe_to_char` instead, and use `Int::to_char` for safe conversion
─────╯
Warning: [0020]
     ╭─[ /home/box/source/moonbit/mooner/lexer.mbt:630:27 ]
     │
 630 │                   s = s + Char::from_int(b2).to_string()
     │                           ───────┬──────  
     │                                  ╰──────── Warning (deprecated): Use `Int::unsafe_to_char` instead, and use `Int::to_char` for safe conversion
─────╯
Warning: [0020]
     ╭─[ /home/box/source/moonbit/mooner/lexer.mbt:631:27 ]
     │
 631 │                   s = s + Char::from_int(b3).to_string()
     │                           ───────┬──────  
     │                                  ╰──────── Warning (deprecated): Use `Int::unsafe_to_char` instead, and use `Int::to_char` for safe conversion
─────╯
Warning: [0020]
     ╭─[ /home/box/source/moonbit/mooner/lexer.mbt:632:27 ]
     │
 632 │                   s = s + Char::from_int(b4).to_string()
     │                           ───────┬──────  
     │                                  ╰──────── Warning (deprecated): Use `Int::unsafe_to_char` instead, and use `Int::to_char` for safe conversion
─────╯
Warning: [0002]
     ╭─[ /home/box/source/moonbit/mooner/type_checker.mbt:323:15 ]
     │
 323 │     ForInLoop(var_name, iter, body) => {
     │               ────┬───  
     │                   ╰───── Warning (unused_value): Unused variable 'var_name'
─────╯
Warning: [0002]
     ╭─[ /home/box/source/moonbit/mooner/type_checker.mbt:323:31 ]
     │
 323 │     ForInLoop(var_name, iter, body) => {
     │                               ──┬─  
     │                                 ╰─── Warning (unused_value): Unused variable 'body'
─────╯
Warning: [0002]
     ╭─[ /home/box/source/moonbit/mooner/type_checker.mbt:329:16 ]
     │
 329 │       let (c2, iter_ty) = checker.check_expr(iter)
     │                ───┬───  
     │                   ╰───── Warning (unused_value): Unused variable 'iter_ty'
─────╯
Failed with 83 warnings, 72 errors.
error: failed when building project
